<?xml version="1.0" encoding="utf-8"?><testsuites name="pytest tests"><testsuite name="pytest" errors="0" failures="0" skipped="0" tests="33" time="4.463" timestamp="2026-09-06T12:31:58.978252+00:00" hostname="agent-env-30348870-6804-452d-9813-97d5456bcf6d"><testcase classname="tests.backend_test.TestAuth" name="test_login_roles" time="0.946" /><testcase classname="tests.backend_test.TestTrucksSchema" name="test_list_returns_new_fields" time="0.477" /><testcase classname="tests.backend_test.TestTrucksSchema" name="test_create_requires_vin_and_hull" time="0.468" /><testcase classname="tests.backend_test.TestAuth" name="test_login_bad_pw" time="0.240" /><testcase classname="tests.backend_test.TestTrucksSchema" name="test_create_ignores_category_ids_in_body" time="0.242" /><testcase classname="tests.backend_test.TestTrucksSchema" name="test_assign_categories_endpoint" time="0.299" /><testcase classname="tests.backend_test.TestAuth" name="test_me" time="0.243" /><testcase classname="tests.backend_test.TestAuth" name="test_me_unauth" time="0.002" /><testcase classname="tests.backend_test.TestRecap" name="test_recap_rows_have_new_fields" time="0.005" /><testcase classname="tests.backend_test.TestRecap" name="test_export_matrix_header" time="0.043" /><testcase classname="tests.backend_test.TestRecap" name="test_export_summary_header" time="0.005" /><testcase classname="tests.backend_test.TestCronPurgeEndpoint" name="test_no_auth_401" time="0.002" /><testcase classname="tests.backend_test.TestCronPurgeEndpoint" name="test_wrong_bearer_401" time="0.241" /><testcase classname="tests.backend_test.TestInspection" name="test_create_stores_hull_and_vin" time="0.258" /><testcase classname="tests.backend_test.TestCronPurgeEndpoint" name="test_correct_bearer_accepts_and_dedupes" time="0.508" /><testcase classname="tests.backend_test.TestInspection" name="test_list_and_detail_have_hull_vin" time="0.007" /><testcase classname="tests.backend_test.TestInspection" name="test_admin_approves" time="0.018" /><testcase classname="tests.backend_test.TestCategoryItemAssignment" name="test_get_returns_item_ids" time="0.003" /><testcase classname="tests.backend_test.TestCategoryItemAssignment" name="test_assign_items_moves_and_clears" time="0.038" /><testcase classname="tests.backend_test.TestItemsAutoAppend" name="test_create_appends_delete_pulls" time="0.029" /><testcase classname="tests.backend_test.TestItemsAutoAppend" name="test_delete_category_with_items_400" time="0.005" /><testcase classname="tests.backend_test.TestChecklist" name="test_ev_37_items" time="0.023" /><testcase classname="tests.backend_test.TestChecklist" name="test_ice_29_items" time="0.008" /><testcase classname="tests.backend_test.TestFiles" name="test_upload_download" time="0.313" /><testcase classname="tests.backend_test.TestFiles" name="test_non_image_400" time="0.003" /><testcase classname="tests.backend_test.TestUploadSizeLimit" name="test_upload_over_500k_rejected" time="0.005" /><testcase classname="tests.backend_test.TestUploadSizeLimit" name="test_upload_small_png_ok" time="0.178" /><testcase classname="tests.backend_test.TestManualPurgeRBACAndIdempotency" name="test_admin_forbidden" time="0.143" /><testcase classname="tests.backend_test.TestPurgeEndToEnd" name="test_backdated_inspection_gets_purged" time="1.380" /><testcase classname="tests.backend_test.TestManualPurgeRBACAndIdempotency" name="test_driver_forbidden" time="0.609" /><testcase classname="tests.backend_test.TestManualPurgeRBACAndIdempotency" name="test_superadmin_runs_idempotent" time="0.237" /><testcase classname="tests.backend_test.TestPurgeEndToEnd" name="test_recent_inspection_not_purged" time="0.130" /><testcase classname="tests.backend_test.TestDashboard" name="test_dashboard" time="0.005" /></testsuite></testsuites>