<?xml version="1.0" encoding="utf-8"?><testsuites name="pytest tests"><testsuite name="pytest" errors="0" failures="0" skipped="0" tests="41" time="12.904" timestamp="2026-09-07T08:24:50.338335+00:00" hostname="agent-env-95e46c27-b3fe-41f9-9988-f5ee9e56926f"><testcase classname="tests.backend_test.TestAuth" name="test_login_roles" time="0.963" /><testcase classname="tests.backend_test.TestTrucksSchema" name="test_list_returns_new_fields" time="0.493" /><testcase classname="tests.backend_test.TestTrucksSchema" name="test_create_requires_vin_and_hull" time="0.239" /><testcase classname="tests.backend_test.TestTrucksSchema" name="test_create_ignores_category_ids_in_body" time="0.705" /><testcase classname="tests.backend_test.TestAuth" name="test_login_bad_pw" time="0.237" /><testcase classname="tests.backend_test.TestAuth" name="test_me" time="0.243" /><testcase classname="tests.backend_test.TestTrucksSchema" name="test_assign_categories_endpoint" time="0.263" /><testcase classname="tests.backend_test.TestAuth" name="test_me_unauth" time="0.002" /><testcase classname="tests.backend_test.TestInspectionTypeValidation" name="test_missing_type_id_422" time="0.251" /><testcase classname="tests.backend_test.TestInspectionTypeValidation" name="test_bogus_type_id_400" time="0.039" /><testcase classname="tests.backend_test.TestInspectionTypes" name="test_admin_list_has_seeded_types" time="0.003" /><testcase classname="tests.backend_test.TestInspectionTypes" name="test_admin_crud" time="0.020" /><testcase classname="tests.backend_test.TestInspectionTypeValidation" name="test_inactive_type_400" time="0.261" /><testcase classname="tests.backend_test.TestInspectionTypes" name="test_driver_post_forbidden" time="0.249" /><testcase classname="tests.backend_test.TestInspectionTypeValidation" name="test_valid_type_stores_id_and_name" time="0.264" /><testcase classname="tests.backend_test.TestInspectionTypes" name="test_superadmin_needs_site_id" time="0.261" /><testcase classname="tests.backend_test.TestRecap" name="test_recap_rows_have_new_fields" time="0.006" /><testcase classname="tests.backend_test.TestInspection" name="test_create_stores_hull_and_vin" time="0.020" /><testcase classname="tests.backend_test.TestRecap" name="test_export_matrix_header" time="0.008" /><testcase classname="tests.backend_test.TestRecap" name="test_export_summary_header" time="0.005" /><testcase classname="tests.backend_test.TestCronPurgeEndpoint" name="test_no_auth_401" time="0.003" /><testcase classname="tests.backend_test.TestCronPurgeEndpoint" name="test_wrong_bearer_401" time="0.002" /><testcase classname="tests.backend_test.TestCronPurgeEndpoint" name="test_correct_bearer_accepts_and_dedupes" time="0.550" /><testcase classname="tests.backend_test.TestInspection" name="test_list_and_detail_have_hull_vin" time="0.053" /><testcase classname="tests.backend_test.TestInspection" name="test_admin_approves" time="0.004" /><testcase classname="tests.backend_test.TestCategoryItemAssignment" name="test_get_returns_item_ids" time="0.003" /><testcase classname="tests.backend_test.TestCategoryItemAssignment" name="test_assign_items_moves_and_clears" time="0.035" /><testcase classname="tests.backend_test.TestItemsAutoAppend" name="test_create_appends_delete_pulls" time="0.026" /><testcase classname="tests.backend_test.TestItemsAutoAppend" name="test_delete_category_with_items_400" time="0.023" /><testcase classname="tests.backend_test.TestChecklist" name="test_ev_37_items" time="0.007" /><testcase classname="tests.backend_test.TestChecklist" name="test_ice_29_items" time="0.007" /><testcase classname="tests.backend_test.TestFiles" name="test_upload_download" time="0.260" /><testcase classname="tests.backend_test.TestFiles" name="test_non_image_400" time="0.003" /><testcase classname="tests.backend_test.TestUploadSizeLimit" name="test_upload_over_500k_rejected" time="0.005" /><testcase classname="tests.backend_test.TestUploadSizeLimit" name="test_upload_small_png_ok" time="0.143" /><testcase classname="tests.backend_test.TestManualPurgeRBACAndIdempotency" name="test_admin_forbidden" time="0.027" /><testcase classname="tests.backend_test.TestManualPurgeRBACAndIdempotency" name="test_driver_forbidden" time="0.225" /><testcase classname="tests.backend_test.TestPurgeEndToEnd" name="test_backdated_inspection_gets_purged" time="5.136" /><testcase classname="tests.backend_test.TestManualPurgeRBACAndIdempotency" name="test_superadmin_runs_idempotent" time="4.246" /><testcase classname="tests.backend_test.TestPurgeEndToEnd" name="test_recent_inspection_not_purged" time="4.295" /><testcase classname="tests.backend_test.TestDashboard" name="test_dashboard" time="0.005" /></testsuite></testsuites>